<?xml version="1.0" encoding="UTF-8"?>
<testng-results ignored="0" total="1" passed="1" failed="0" skipped="0">
  <reporter-output>
  </reporter-output>
  <suite started-at="2019-10-08T12:11:15Z" name="Default suite" finished-at="2019-10-08T12:11:17Z" duration-ms="1842">
    <groups>
    </groups>
    <test started-at="2019-10-08T12:11:15Z" name="Default test" finished-at="2019-10-08T12:11:17Z" duration-ms="1842">
      <class name="Profile.NaukriLogin">
        <test-method is-config="true" signature="launchBrowser()[pri:0, instance:Profile.NaukriLogin@6a2f6f80]" started-at="2019-10-08T12:10:43Z" name="launchBrowser" finished-at="2019-10-08T12:11:15Z" duration-ms="31682" status="PASS">
          <reporter-output>
          </reporter-output>
        </test-method> <!-- launchBrowser -->
        <test-method signature="verifyLoginTest()[pri:0, instance:Profile.NaukriLogin@6a2f6f80]" started-at="2019-10-08T12:11:15Z" name="verifyLoginTest" finished-at="2019-10-08T12:11:17Z" duration-ms="1815" status="PASS">
          <reporter-output>
          </reporter-output>
        </test-method> <!-- verifyLoginTest -->
      </class> <!-- Profile.NaukriLogin -->
    </test> <!-- Default test -->
  </suite> <!-- Default suite -->
</testng-results>
